Building DAG of jobs...
Using shell: /bin/bash
Provided cores: 12
Rules claiming more threads will be scaled down.
Job counts:
	count	jobs
	1	all
	1	finish
	1	gen_iso_db
	1	gen_refseq_db
	1	merge_flat_annotations
	1	merge_probes
	1	parse_genome
	1	parse_gtf
	1	split_chroms
	1	zip_iso_db
	1	zip_probes
	1	zip_refseq_db
	12

[Wed Nov  8 13:18:44 2023]
rule parse_genome:
    input: pb.fna
    output: pipeline_output/01_reference_files/01_chrom_names/chrom_names.txt, pipeline_output/01_reference_files/01_chrom_names/removed_unk.txt, pipeline_output/01_reference_files/01_chrom_names/removed_excl.txt, pipeline_output/01_reference_files/01_chrom_names/removed_rand.txt, pipeline_output/01_reference_files/01_chrom_names/removed_alt.txt, pipeline_output/01_reference_files/01_chrom_names/removed_hap.txt, pipeline_output/01_reference_files/01_chrom_names/removed_fix.txt, pipeline_output/01_reference_files/02_multi_fasta/pb.fa
    jobid: 11

Activating conda environment: /Users/hy/Documents/GitHub/thesis/paintshop/PaintSHOP_pipeline/shared_conda_envs/2b8aee66
Activating conda environment: /Users/hy/Documents/GitHub/thesis/paintshop/PaintSHOP_pipeline/shared_conda_envs/2b8aee66
[Wed Nov  8 13:18:51 2023]
Finished job 11.
1 of 12 steps (8%) done

[Wed Nov  8 13:18:51 2023]
checkpoint split_chroms:
    input: pipeline_output/01_reference_files/02_multi_fasta/pb.fa, pipeline_output/01_reference_files/01_chrom_names/chrom_names.txt
    output: pipeline_output/01_reference_files/03_chrom_fastas
    jobid: 8
Downstream jobs will be updated after completion.

[Wed Nov  8 13:18:51 2023]
checkpoint parse_gtf:
    input: pb.gtf, pipeline_output/01_reference_files/01_chrom_names/chrom_names.txt
    output: pipeline_output/01_reference_files/05_annotation_files/pb.bed, pipeline_output/02_intermediate_files/01_chrom_gtf_dataframes
    jobid: 9
Downstream jobs will be updated after completion.

Activating conda environment: /Users/hy/Documents/GitHub/thesis/paintshop/PaintSHOP_pipeline/shared_conda_envs/2b8aee66
Activating conda environment: /Users/hy/Documents/GitHub/thesis/paintshop/PaintSHOP_pipeline/shared_conda_envs/2b8aee66
Activating conda environment: /Users/hy/Documents/GitHub/thesis/paintshop/PaintSHOP_pipeline/shared_conda_envs/2b8aee66
Activating conda environment: /Users/hy/Documents/GitHub/thesis/paintshop/PaintSHOP_pipeline/shared_conda_envs/2b8aee66
Updating job 5 (merge_probes).
Updating job 6 (gen_refseq_db).
Updating job 7 (gen_iso_db).
[Wed Nov  8 13:18:56 2023]
Finished job 8.
2 of 36 steps (6%) done

[Wed Nov  8 13:18:56 2023]
rule build_bowtie:
    input: pipeline_output/01_reference_files/02_multi_fasta/pb.fa
    output: pipeline_output/01_reference_files/06_bowtie2_indices/pb/pb.1.bt2, pipeline_output/01_reference_files/06_bowtie2_indices/pb/pb.2.bt2, pipeline_output/01_reference_files/06_bowtie2_indices/pb/pb.3.bt2, pipeline_output/01_reference_files/06_bowtie2_indices/pb/pb.4.bt2, pipeline_output/01_reference_files/06_bowtie2_indices/pb/pb.rev.1.bt2, pipeline_output/01_reference_files/06_bowtie2_indices/pb/pb.rev.2.bt2
    jobid: 37
    threads: 4


[Wed Nov  8 13:18:56 2023]
rule build_jellyfish:
    input: pipeline_output/01_reference_files/02_multi_fasta/pb.fa
    output: pipeline_output/01_reference_files/07_jf_files/pb.jf
    jobid: 22


[Wed Nov  8 13:18:56 2023]
rule design_probes:
    input: pipeline_output/01_reference_files/03_chrom_fastas/NZ_CP091797.1.fa, pipeline_output/01_reference_files/01_chrom_names/chrom_names.txt, pipeline_output/01_reference_files/01_chrom_names/removed_unk.txt, pipeline_output/01_reference_files/01_chrom_names/removed_excl.txt, pipeline_output/01_reference_files/01_chrom_names/removed_rand.txt, pipeline_output/01_reference_files/01_chrom_names/removed_alt.txt, pipeline_output/01_reference_files/01_chrom_names/removed_hap.txt, pipeline_output/01_reference_files/01_chrom_names/removed_fix.txt, pipeline_output/01_reference_files/02_multi_fasta/pb.fa
    output: pipeline_output/02_intermediate_files/02_init_probes/NZ_CP091797.1.fastq
    jobid: 38
    wildcards: chrom=NZ_CP091797.1


[Wed Nov  8 13:18:56 2023]
rule design_probes:
    input: pipeline_output/01_reference_files/03_chrom_fastas/NZ_CP091798.1.fa, pipeline_output/01_reference_files/01_chrom_names/chrom_names.txt, pipeline_output/01_reference_files/01_chrom_names/removed_unk.txt, pipeline_output/01_reference_files/01_chrom_names/removed_excl.txt, pipeline_output/01_reference_files/01_chrom_names/removed_rand.txt, pipeline_output/01_reference_files/01_chrom_names/removed_alt.txt, pipeline_output/01_reference_files/01_chrom_names/removed_hap.txt, pipeline_output/01_reference_files/01_chrom_names/removed_fix.txt, pipeline_output/01_reference_files/02_multi_fasta/pb.fa
    output: pipeline_output/02_intermediate_files/02_init_probes/NZ_CP091798.1.fastq
    jobid: 36
    wildcards: chrom=NZ_CP091798.1

[Wed Nov  8 13:18:57 2023]
Error in rule parse_gtf:
    jobid: 9
    output: pipeline_output/01_reference_files/05_annotation_files/pb.bed, pipeline_output/02_intermediate_files/01_chrom_gtf_dataframes
    conda-env: /Users/hy/Documents/GitHub/thesis/paintshop/PaintSHOP_pipeline/shared_conda_envs/2b8aee66

RuleException:
CalledProcessError in line 60 of /Users/hy/Documents/GitHub/thesis/paintshop/PaintSHOP_pipeline/workflow/Snakefile:
Command 'source /Users/hy/miniconda3/bin/activate '/Users/hy/Documents/GitHub/thesis/paintshop/PaintSHOP_pipeline/shared_conda_envs/2b8aee66'; set -euo pipefail;  python /Users/hy/Documents/GitHub/thesis/paintshop/data/pb/.snakemake/scripts/tmpf6iv3xty.parse_gtf.py' returned non-zero exit status 1.
  File "/Users/hy/miniconda3/envs/paintshop_snakemake/lib/python3.8/site-packages/snakemake/executors/__init__.py", line 2168, in run_wrapper
  File "/Users/hy/Documents/GitHub/thesis/paintshop/PaintSHOP_pipeline/workflow/Snakefile", line 60, in __rule_parse_gtf
  File "/Users/hy/miniconda3/envs/paintshop_snakemake/lib/python3.8/site-packages/snakemake/executors/__init__.py", line 529, in _callback
  File "/Users/hy/miniconda3/envs/paintshop_snakemake/lib/python3.8/concurrent/futures/thread.py", line 57, in run
  File "/Users/hy/miniconda3/envs/paintshop_snakemake/lib/python3.8/site-packages/snakemake/executors/__init__.py", line 515, in cached_or_run
  File "/Users/hy/miniconda3/envs/paintshop_snakemake/lib/python3.8/site-packages/snakemake/executors/__init__.py", line 2199, in run_wrapper
Removing output files of failed job parse_gtf since they might be corrupted:
pipeline_output/02_intermediate_files/01_chrom_gtf_dataframes
Trying to restart job 9.

[Wed Nov  8 13:18:57 2023]
checkpoint parse_gtf:
    input: pb.gtf, pipeline_output/01_reference_files/01_chrom_names/chrom_names.txt
    output: pipeline_output/01_reference_files/05_annotation_files/pb.bed, pipeline_output/02_intermediate_files/01_chrom_gtf_dataframes
    jobid: 9
Downstream jobs will be updated after completion.

Activating conda environment: /Users/hy/Documents/GitHub/thesis/paintshop/PaintSHOP_pipeline/shared_conda_envs/2b8aee66
Activating conda environment: /Users/hy/Documents/GitHub/thesis/paintshop/PaintSHOP_pipeline/shared_conda_envs/2b8aee66
Activating conda environment: /Users/hy/Documents/GitHub/thesis/paintshop/PaintSHOP_pipeline/shared_conda_envs/d5c2312e
Activating conda environment: /Users/hy/Documents/GitHub/thesis/paintshop/PaintSHOP_pipeline/shared_conda_envs/d5c2312e
Activating conda environment: /Users/hy/Documents/GitHub/thesis/paintshop/PaintSHOP_pipeline/shared_conda_envs/2b8aee66
Activating conda environment: /Users/hy/Documents/GitHub/thesis/paintshop/PaintSHOP_pipeline/shared_conda_envs/2b8aee66
[Wed Nov  8 13:19:06 2023]
Finished job 37.
3 of 36 steps (8%) done
[Wed Nov  8 13:19:06 2023]
Error in rule parse_gtf:
    jobid: 9
    output: pipeline_output/01_reference_files/05_annotation_files/pb.bed, pipeline_output/02_intermediate_files/01_chrom_gtf_dataframes
    conda-env: /Users/hy/Documents/GitHub/thesis/paintshop/PaintSHOP_pipeline/shared_conda_envs/2b8aee66

RuleException:
CalledProcessError in line 60 of /Users/hy/Documents/GitHub/thesis/paintshop/PaintSHOP_pipeline/workflow/Snakefile:
Command 'source /Users/hy/miniconda3/bin/activate '/Users/hy/Documents/GitHub/thesis/paintshop/PaintSHOP_pipeline/shared_conda_envs/2b8aee66'; set -euo pipefail;  python /Users/hy/Documents/GitHub/thesis/paintshop/data/pb/.snakemake/scripts/tmps2ww8h20.parse_gtf.py' returned non-zero exit status 1.
  File "/Users/hy/miniconda3/envs/paintshop_snakemake/lib/python3.8/site-packages/snakemake/executors/__init__.py", line 2168, in run_wrapper
  File "/Users/hy/Documents/GitHub/thesis/paintshop/PaintSHOP_pipeline/workflow/Snakefile", line 60, in __rule_parse_gtf
  File "/Users/hy/miniconda3/envs/paintshop_snakemake/lib/python3.8/site-packages/snakemake/executors/__init__.py", line 529, in _callback
  File "/Users/hy/miniconda3/envs/paintshop_snakemake/lib/python3.8/concurrent/futures/thread.py", line 57, in run
  File "/Users/hy/miniconda3/envs/paintshop_snakemake/lib/python3.8/site-packages/snakemake/executors/__init__.py", line 515, in cached_or_run
  File "/Users/hy/miniconda3/envs/paintshop_snakemake/lib/python3.8/site-packages/snakemake/executors/__init__.py", line 2199, in run_wrapper
Removing output files of failed job parse_gtf since they might be corrupted:
pipeline_output/02_intermediate_files/01_chrom_gtf_dataframes
Trying to restart job 9.

[Wed Nov  8 13:19:06 2023]
checkpoint parse_gtf:
    input: pb.gtf, pipeline_output/01_reference_files/01_chrom_names/chrom_names.txt
    output: pipeline_output/01_reference_files/05_annotation_files/pb.bed, pipeline_output/02_intermediate_files/01_chrom_gtf_dataframes
    jobid: 9
Downstream jobs will be updated after completion.

Activating conda environment: /Users/hy/Documents/GitHub/thesis/paintshop/PaintSHOP_pipeline/shared_conda_envs/2b8aee66
Activating conda environment: /Users/hy/Documents/GitHub/thesis/paintshop/PaintSHOP_pipeline/shared_conda_envs/2b8aee66
[Wed Nov  8 13:19:12 2023]
Error in rule parse_gtf:
    jobid: 9
    output: pipeline_output/01_reference_files/05_annotation_files/pb.bed, pipeline_output/02_intermediate_files/01_chrom_gtf_dataframes
    conda-env: /Users/hy/Documents/GitHub/thesis/paintshop/PaintSHOP_pipeline/shared_conda_envs/2b8aee66

RuleException:
CalledProcessError in line 60 of /Users/hy/Documents/GitHub/thesis/paintshop/PaintSHOP_pipeline/workflow/Snakefile:
Command 'source /Users/hy/miniconda3/bin/activate '/Users/hy/Documents/GitHub/thesis/paintshop/PaintSHOP_pipeline/shared_conda_envs/2b8aee66'; set -euo pipefail;  python /Users/hy/Documents/GitHub/thesis/paintshop/data/pb/.snakemake/scripts/tmpui64geo0.parse_gtf.py' returned non-zero exit status 1.
  File "/Users/hy/miniconda3/envs/paintshop_snakemake/lib/python3.8/site-packages/snakemake/executors/__init__.py", line 2168, in run_wrapper
  File "/Users/hy/Documents/GitHub/thesis/paintshop/PaintSHOP_pipeline/workflow/Snakefile", line 60, in __rule_parse_gtf
  File "/Users/hy/miniconda3/envs/paintshop_snakemake/lib/python3.8/site-packages/snakemake/executors/__init__.py", line 529, in _callback
  File "/Users/hy/miniconda3/envs/paintshop_snakemake/lib/python3.8/concurrent/futures/thread.py", line 57, in run
  File "/Users/hy/miniconda3/envs/paintshop_snakemake/lib/python3.8/site-packages/snakemake/executors/__init__.py", line 515, in cached_or_run
  File "/Users/hy/miniconda3/envs/paintshop_snakemake/lib/python3.8/site-packages/snakemake/executors/__init__.py", line 2199, in run_wrapper
Removing output files of failed job parse_gtf since they might be corrupted:
pipeline_output/02_intermediate_files/01_chrom_gtf_dataframes
Trying to restart job 9.

[Wed Nov  8 13:19:12 2023]
checkpoint parse_gtf:
    input: pb.gtf, pipeline_output/01_reference_files/01_chrom_names/chrom_names.txt
    output: pipeline_output/01_reference_files/05_annotation_files/pb.bed, pipeline_output/02_intermediate_files/01_chrom_gtf_dataframes
    jobid: 9
Downstream jobs will be updated after completion.

