Building DAG of jobs...
Using shell: /bin/bash
Provided cores: 12
Rules claiming more threads will be scaled down.
Job counts:
	count	jobs
	1	all
	1	finish
	1	gen_iso_db
	1	gen_refseq_db
	1	merge_flat_annotations
	1	merge_probes
	1	parse_genome
	1	parse_gtf
	1	split_chroms
	1	zip_iso_db
	1	zip_probes
	1	zip_refseq_db
	12

[Wed Dec 27 22:51:00 2023]
rule parse_genome:
    input: prevotella_nigrescens.fna
    output: pipeline_output/01_reference_files/01_chrom_names/chrom_names.txt, pipeline_output/01_reference_files/01_chrom_names/removed_unk.txt, pipeline_output/01_reference_files/01_chrom_names/removed_excl.txt, pipeline_output/01_reference_files/01_chrom_names/removed_rand.txt, pipeline_output/01_reference_files/01_chrom_names/removed_alt.txt, pipeline_output/01_reference_files/01_chrom_names/removed_hap.txt, pipeline_output/01_reference_files/01_chrom_names/removed_fix.txt, pipeline_output/01_reference_files/02_multi_fasta/prevotella_nigrescens.fa
    jobid: 11

Activating conda environment: /Users/hy/Documents/GitHub/thesis/PaintSHOP_pipeline/shared_conda_envs/6847ec1c
Activating conda environment: /Users/hy/Documents/GitHub/thesis/PaintSHOP_pipeline/shared_conda_envs/6847ec1c
[Wed Dec 27 22:51:04 2023]
Finished job 11.
1 of 12 steps (8%) done

[Wed Dec 27 22:51:04 2023]
checkpoint split_chroms:
    input: pipeline_output/01_reference_files/02_multi_fasta/prevotella_nigrescens.fa, pipeline_output/01_reference_files/01_chrom_names/chrom_names.txt
    output: pipeline_output/01_reference_files/03_chrom_fastas
    jobid: 8
Downstream jobs will be updated after completion.

[Wed Dec 27 22:51:04 2023]
checkpoint parse_gtf:
    input: prevotella_nigrescens.gtf, pipeline_output/01_reference_files/01_chrom_names/chrom_names.txt
    output: pipeline_output/01_reference_files/05_annotation_files/prevotella_nigrescens.bed, pipeline_output/02_intermediate_files/01_chrom_gtf_dataframes
    jobid: 9
Downstream jobs will be updated after completion.

Activating conda environment: /Users/hy/Documents/GitHub/thesis/PaintSHOP_pipeline/shared_conda_envs/6847ec1c
Activating conda environment: /Users/hy/Documents/GitHub/thesis/PaintSHOP_pipeline/shared_conda_envs/6847ec1c
Activating conda environment: /Users/hy/Documents/GitHub/thesis/PaintSHOP_pipeline/shared_conda_envs/6847ec1c
Activating conda environment: /Users/hy/Documents/GitHub/thesis/PaintSHOP_pipeline/shared_conda_envs/6847ec1c
Updating job 5 (merge_probes).
Updating job 6 (gen_refseq_db).
Updating job 7 (gen_iso_db).
[Wed Dec 27 22:51:07 2023]
Finished job 8.
2 of 47 steps (4%) done

[Wed Dec 27 22:51:07 2023]
rule design_probes:
    input: pipeline_output/01_reference_files/03_chrom_fastas/NZ_CP072338.1.fa, pipeline_output/01_reference_files/01_chrom_names/chrom_names.txt, pipeline_output/01_reference_files/01_chrom_names/removed_unk.txt, pipeline_output/01_reference_files/01_chrom_names/removed_excl.txt, pipeline_output/01_reference_files/01_chrom_names/removed_rand.txt, pipeline_output/01_reference_files/01_chrom_names/removed_alt.txt, pipeline_output/01_reference_files/01_chrom_names/removed_hap.txt, pipeline_output/01_reference_files/01_chrom_names/removed_fix.txt, pipeline_output/01_reference_files/02_multi_fasta/prevotella_nigrescens.fa
    output: pipeline_output/02_intermediate_files/02_init_probes/NZ_CP072338.1.fastq
    jobid: 48
    wildcards: chrom=NZ_CP072338.1


[Wed Dec 27 22:51:07 2023]
rule build_bowtie:
    input: pipeline_output/01_reference_files/02_multi_fasta/prevotella_nigrescens.fa
    output: pipeline_output/01_reference_files/06_bowtie2_indices/prevotella_nigrescens/prevotella_nigrescens.1.bt2, pipeline_output/01_reference_files/06_bowtie2_indices/prevotella_nigrescens/prevotella_nigrescens.2.bt2, pipeline_output/01_reference_files/06_bowtie2_indices/prevotella_nigrescens/prevotella_nigrescens.3.bt2, pipeline_output/01_reference_files/06_bowtie2_indices/prevotella_nigrescens/prevotella_nigrescens.4.bt2, pipeline_output/01_reference_files/06_bowtie2_indices/prevotella_nigrescens/prevotella_nigrescens.rev.1.bt2, pipeline_output/01_reference_files/06_bowtie2_indices/prevotella_nigrescens/prevotella_nigrescens.rev.2.bt2
    jobid: 47
    threads: 4


[Wed Dec 27 22:51:07 2023]
rule build_jellyfish:
    input: pipeline_output/01_reference_files/02_multi_fasta/prevotella_nigrescens.fa
    output: pipeline_output/01_reference_files/07_jf_files/prevotella_nigrescens.jf
    jobid: 25


[Wed Dec 27 22:51:07 2023]
rule design_probes:
    input: pipeline_output/01_reference_files/03_chrom_fastas/NZ_CP072339.1.fa, pipeline_output/01_reference_files/01_chrom_names/chrom_names.txt, pipeline_output/01_reference_files/01_chrom_names/removed_unk.txt, pipeline_output/01_reference_files/01_chrom_names/removed_excl.txt, pipeline_output/01_reference_files/01_chrom_names/removed_rand.txt, pipeline_output/01_reference_files/01_chrom_names/removed_alt.txt, pipeline_output/01_reference_files/01_chrom_names/removed_hap.txt, pipeline_output/01_reference_files/01_chrom_names/removed_fix.txt, pipeline_output/01_reference_files/02_multi_fasta/prevotella_nigrescens.fa
    output: pipeline_output/02_intermediate_files/02_init_probes/NZ_CP072339.1.fastq
    jobid: 46
    wildcards: chrom=NZ_CP072339.1


[Wed Dec 27 22:51:07 2023]
rule design_probes:
    input: pipeline_output/01_reference_files/03_chrom_fastas/NZ_CP072337.1.fa, pipeline_output/01_reference_files/01_chrom_names/chrom_names.txt, pipeline_output/01_reference_files/01_chrom_names/removed_unk.txt, pipeline_output/01_reference_files/01_chrom_names/removed_excl.txt, pipeline_output/01_reference_files/01_chrom_names/removed_rand.txt, pipeline_output/01_reference_files/01_chrom_names/removed_alt.txt, pipeline_output/01_reference_files/01_chrom_names/removed_hap.txt, pipeline_output/01_reference_files/01_chrom_names/removed_fix.txt, pipeline_output/01_reference_files/02_multi_fasta/prevotella_nigrescens.fa
    output: pipeline_output/02_intermediate_files/02_init_probes/NZ_CP072337.1.fastq
    jobid: 49
    wildcards: chrom=NZ_CP072337.1

Updating job 10 (merge_flat_annotations).
Updating job 13 (gen_refseq_db).
[Wed Dec 27 22:51:07 2023]
Finished job 9.
3 of 49 steps (6%) done

[Wed Dec 27 22:51:07 2023]
rule flatten_isoforms:
    input: pipeline_output/02_intermediate_files/01_chrom_gtf_dataframes/NZ_CP072339.1_filtered_gtf.dat, pipeline_output/01_reference_files/05_annotation_files/prevotella_nigrescens.bed, pipeline_output/02_intermediate_files/01_chrom_gtf_dataframes
    output: pipeline_output/01_reference_files/04_chrom_iso_flat_beds/NZ_CP072339.1_iso_flat.bed
    jobid: 53
    wildcards: chrom_gtf=NZ_CP072339.1

[Wed Dec 27 22:51:07 2023]
rule flatten_isoforms:
    input: pipeline_output/02_intermediate_files/01_chrom_gtf_dataframes/NZ_CP072338.1_filtered_gtf.dat, pipeline_output/01_reference_files/05_annotation_files/prevotella_nigrescens.bed, pipeline_output/02_intermediate_files/01_chrom_gtf_dataframes
    output: pipeline_output/01_reference_files/04_chrom_iso_flat_beds/NZ_CP072338.1_iso_flat.bed
    jobid: 52
    wildcards: chrom_gtf=NZ_CP072338.1

Activating conda environment: /Users/hy/Documents/GitHub/thesis/PaintSHOP_pipeline/shared_conda_envs/dca8a186
Activating conda environment: /Users/hy/Documents/GitHub/thesis/PaintSHOP_pipeline/shared_conda_envs/6847ec1c
Activating conda environment: /Users/hy/Documents/GitHub/thesis/PaintSHOP_pipeline/shared_conda_envs/6847ec1c
Activating conda environment: /Users/hy/Documents/GitHub/thesis/PaintSHOP_pipeline/shared_conda_envs/dca8a186
Activating conda environment: /Users/hy/Documents/GitHub/thesis/PaintSHOP_pipeline/shared_conda_envs/dca8a186
Activating conda environment: /Users/hy/Documents/GitHub/thesis/PaintSHOP_pipeline/shared_conda_envs/6847ec1c
Activating conda environment: /Users/hy/Documents/GitHub/thesis/PaintSHOP_pipeline/shared_conda_envs/6847ec1c
[Wed Dec 27 22:51:10 2023]
Finished job 49.
4 of 49 steps (8%) done
Activating conda environment: /Users/hy/Documents/GitHub/thesis/PaintSHOP_pipeline/shared_conda_envs/6847ec1c
Activating conda environment: /Users/hy/Documents/GitHub/thesis/PaintSHOP_pipeline/shared_conda_envs/6847ec1c
[Wed Dec 27 22:51:12 2023]
Finished job 47.
5 of 49 steps (10%) done

[Wed Dec 27 22:51:12 2023]
rule align_probes:
    input: pipeline_output/02_intermediate_files/02_init_probes/NZ_CP072337.1.fastq, pipeline_output/01_reference_files/06_bowtie2_indices/prevotella_nigrescens/prevotella_nigrescens.1.bt2, pipeline_output/01_reference_files/06_bowtie2_indices/prevotella_nigrescens/prevotella_nigrescens.2.bt2, pipeline_output/01_reference_files/06_bowtie2_indices/prevotella_nigrescens/prevotella_nigrescens.3.bt2, pipeline_output/01_reference_files/06_bowtie2_indices/prevotella_nigrescens/prevotella_nigrescens.4.bt2, pipeline_output/01_reference_files/06_bowtie2_indices/prevotella_nigrescens/prevotella_nigrescens.rev.1.bt2, pipeline_output/01_reference_files/06_bowtie2_indices/prevotella_nigrescens/prevotella_nigrescens.rev.2.bt2
    output: pipeline_output/02_intermediate_files/03_alignments/NZ_CP072337.1.bam
    jobid: 45
    wildcards: chrom=NZ_CP072337.1
    threads: 4

[Wed Dec 27 22:51:13 2023]
Finished job 52.
6 of 49 steps (12%) done
[Wed Dec 27 22:51:13 2023]
Finished job 53.
7 of 49 steps (14%) done

[Wed Dec 27 22:51:13 2023]
rule merge_flat_annotations:
    input: pipeline_output/01_reference_files/04_chrom_iso_flat_beds/NZ_CP072338.1_iso_flat.bed, pipeline_output/01_reference_files/04_chrom_iso_flat_beds/NZ_CP072339.1_iso_flat.bed
    output: pipeline_output/01_reference_files/05_annotation_files/prevotella_nigrescens_iso_flat.bed
    jobid: 51

Activating conda environment: /Users/hy/Documents/GitHub/thesis/PaintSHOP_pipeline/shared_conda_envs/6847ec1c
[Wed Dec 27 22:51:14 2023]
Finished job 45.
8 of 49 steps (16%) done

[Wed Dec 27 22:51:14 2023]
rule sam_to_pairwise:
    input: pipeline_output/02_intermediate_files/03_alignments/NZ_CP072337.1.bam
    output: pipeline_output/02_intermediate_files/04_pairwise_alignments/NZ_CP072337.1_pairwise.out
    jobid: 41
    wildcards: chrom=NZ_CP072337.1


[Wed Dec 27 22:51:14 2023]
rule extract_alignment_scores:
    input: pipeline_output/02_intermediate_files/03_alignments/NZ_CP072337.1.bam
    output: pipeline_output/02_intermediate_files/05_alignment_scores/NZ_CP072337.1_AS.txt
    jobid: 42
    wildcards: chrom=NZ_CP072337.1

Activating conda environment: /Users/hy/Documents/GitHub/thesis/PaintSHOP_pipeline/shared_conda_envs/6847ec1c
[Wed Dec 27 22:51:14 2023]
Finished job 51.
9 of 49 steps (18%) done
Activating conda environment: /Users/hy/Documents/GitHub/thesis/PaintSHOP_pipeline/shared_conda_envs/6847ec1c
Activating conda environment: /Users/hy/Documents/GitHub/thesis/PaintSHOP_pipeline/shared_conda_envs/6847ec1c
[Wed Dec 27 22:51:16 2023]
Finished job 42.
10 of 49 steps (20%) done
[Wed Dec 27 22:51:16 2023]
Finished job 41.
11 of 49 steps (22%) done

[Wed Dec 27 22:51:16 2023]
rule parse_pairwise:
    input: pipeline_output/02_intermediate_files/04_pairwise_alignments/NZ_CP072337.1_pairwise.out, pipeline_output/02_intermediate_files/05_alignment_scores/NZ_CP072337.1_AS.txt
    output: pipeline_output/02_intermediate_files/06_data_frames/NZ_CP072337.1_alignments.csv
    jobid: 36
    wildcards: chrom=NZ_CP072337.1

Activating conda environment: /Users/hy/Documents/GitHub/thesis/PaintSHOP_pipeline/shared_conda_envs/6847ec1c
Activating conda environment: /Users/hy/Documents/GitHub/thesis/PaintSHOP_pipeline/shared_conda_envs/6847ec1c
[Wed Dec 27 22:51:18 2023]
Finished job 36.
12 of 49 steps (24%) done

[Wed Dec 27 22:51:18 2023]
rule predict_duplex:
    input: pipeline_output/02_intermediate_files/06_data_frames/NZ_CP072337.1_alignments.csv, /Users/hy/Documents/GitHub/thesis/PaintSHOP_pipeline/workflow/pickled_models/42_all_fixed_xgb.pickle.dat
    output: pipeline_output/02_intermediate_files/07_predictions/NZ_CP072337.1_predictions.csv
    jobid: 33
    wildcards: chrom=NZ_CP072337.1

Activating conda environment: /Users/hy/Documents/GitHub/thesis/PaintSHOP_pipeline/shared_conda_envs/6847ec1c
Activating conda environment: /Users/hy/Documents/GitHub/thesis/PaintSHOP_pipeline/shared_conda_envs/6847ec1c
[Wed Dec 27 22:51:22 2023]
Finished job 33.
13 of 49 steps (27%) done

[Wed Dec 27 22:51:22 2023]
rule score:
    input: pipeline_output/02_intermediate_files/07_predictions/NZ_CP072337.1_predictions.csv
    output: pipeline_output/02_intermediate_files/08_scored_probes/NZ_CP072337.1_probes.bed
    jobid: 30
    wildcards: chrom=NZ_CP072337.1

Activating conda environment: /Users/hy/Documents/GitHub/thesis/PaintSHOP_pipeline/shared_conda_envs/6847ec1c
Activating conda environment: /Users/hy/Documents/GitHub/thesis/PaintSHOP_pipeline/shared_conda_envs/6847ec1c
[Wed Dec 27 22:51:25 2023]
Finished job 30.
14 of 49 steps (29%) done

[Wed Dec 27 22:51:25 2023]
rule filter_n_probes:
    input: pipeline_output/02_intermediate_files/08_scored_probes/NZ_CP072337.1_probes.bed
    output: pipeline_output/02_intermediate_files/09_probes_filtered/NZ_CP072337.1_probes.bed
    jobid: 27
    wildcards: chrom=NZ_CP072337.1

Activating conda environment: /Users/hy/Documents/GitHub/thesis/PaintSHOP_pipeline/shared_conda_envs/6847ec1c
[Wed Dec 27 22:51:26 2023]
Finished job 27.
15 of 49 steps (31%) done

[Wed Dec 27 22:51:26 2023]
rule calc_prob:
    input: pipeline_output/02_intermediate_files/09_probes_filtered/NZ_CP072337.1_probes.bed
    output: pipeline_output/02_intermediate_files/11_prob_values/NZ_CP072337.1_prob.txt
    jobid: 22
    wildcards: chrom=NZ_CP072337.1

Activating conda environment: /Users/hy/Documents/GitHub/thesis/PaintSHOP_pipeline/shared_conda_envs/6847ec1c
Activating conda environment: /Users/hy/Documents/GitHub/thesis/PaintSHOP_pipeline/shared_conda_envs/6847ec1c
[Wed Dec 27 22:51:29 2023]
Finished job 22.
16 of 49 steps (33%) done
[Wed Dec 27 22:51:46 2023]
Finished job 48.
17 of 49 steps (35%) done

[Wed Dec 27 22:51:46 2023]
rule align_probes:
    input: pipeline_output/02_intermediate_files/02_init_probes/NZ_CP072338.1.fastq, pipeline_output/01_reference_files/06_bowtie2_indices/prevotella_nigrescens/prevotella_nigrescens.1.bt2, pipeline_output/01_reference_files/06_bowtie2_indices/prevotella_nigrescens/prevotella_nigrescens.2.bt2, pipeline_output/01_reference_files/06_bowtie2_indices/prevotella_nigrescens/prevotella_nigrescens.3.bt2, pipeline_output/01_reference_files/06_bowtie2_indices/prevotella_nigrescens/prevotella_nigrescens.4.bt2, pipeline_output/01_reference_files/06_bowtie2_indices/prevotella_nigrescens/prevotella_nigrescens.rev.1.bt2, pipeline_output/01_reference_files/06_bowtie2_indices/prevotella_nigrescens/prevotella_nigrescens.rev.2.bt2
    output: pipeline_output/02_intermediate_files/03_alignments/NZ_CP072338.1.bam
    jobid: 44
    wildcards: chrom=NZ_CP072338.1
    threads: 4

Activating conda environment: /Users/hy/Documents/GitHub/thesis/PaintSHOP_pipeline/shared_conda_envs/6847ec1c
[Wed Dec 27 22:51:48 2023]
Finished job 44.
18 of 49 steps (37%) done

[Wed Dec 27 22:51:48 2023]
rule sam_to_pairwise:
    input: pipeline_output/02_intermediate_files/03_alignments/NZ_CP072338.1.bam
    output: pipeline_output/02_intermediate_files/04_pairwise_alignments/NZ_CP072338.1_pairwise.out
    jobid: 39
    wildcards: chrom=NZ_CP072338.1


[Wed Dec 27 22:51:48 2023]
rule extract_alignment_scores:
    input: pipeline_output/02_intermediate_files/03_alignments/NZ_CP072338.1.bam
    output: pipeline_output/02_intermediate_files/05_alignment_scores/NZ_CP072338.1_AS.txt
    jobid: 40
    wildcards: chrom=NZ_CP072338.1

Activating conda environment: /Users/hy/Documents/GitHub/thesis/PaintSHOP_pipeline/shared_conda_envs/6847ec1c
Activating conda environment: /Users/hy/Documents/GitHub/thesis/PaintSHOP_pipeline/shared_conda_envs/6847ec1c
[Wed Dec 27 22:51:50 2023]
Finished job 40.
19 of 49 steps (39%) done
[Wed Dec 27 22:51:50 2023]
Finished job 39.
20 of 49 steps (41%) done

[Wed Dec 27 22:51:50 2023]
rule parse_pairwise:
    input: pipeline_output/02_intermediate_files/04_pairwise_alignments/NZ_CP072338.1_pairwise.out, pipeline_output/02_intermediate_files/05_alignment_scores/NZ_CP072338.1_AS.txt
    output: pipeline_output/02_intermediate_files/06_data_frames/NZ_CP072338.1_alignments.csv
    jobid: 35
    wildcards: chrom=NZ_CP072338.1

Activating conda environment: /Users/hy/Documents/GitHub/thesis/PaintSHOP_pipeline/shared_conda_envs/6847ec1c
Activating conda environment: /Users/hy/Documents/GitHub/thesis/PaintSHOP_pipeline/shared_conda_envs/6847ec1c
[Wed Dec 27 22:51:55 2023]
Finished job 35.
21 of 49 steps (43%) done

[Wed Dec 27 22:51:55 2023]
rule predict_duplex:
    input: pipeline_output/02_intermediate_files/06_data_frames/NZ_CP072338.1_alignments.csv, /Users/hy/Documents/GitHub/thesis/PaintSHOP_pipeline/workflow/pickled_models/42_all_fixed_xgb.pickle.dat
    output: pipeline_output/02_intermediate_files/07_predictions/NZ_CP072338.1_predictions.csv
    jobid: 32
    wildcards: chrom=NZ_CP072338.1

Activating conda environment: /Users/hy/Documents/GitHub/thesis/PaintSHOP_pipeline/shared_conda_envs/6847ec1c
Activating conda environment: /Users/hy/Documents/GitHub/thesis/PaintSHOP_pipeline/shared_conda_envs/6847ec1c
[Wed Dec 27 22:51:59 2023]
Finished job 25.
22 of 49 steps (45%) done

[Wed Dec 27 22:51:59 2023]
rule max_kmer:
    input: pipeline_output/02_intermediate_files/09_probes_filtered/NZ_CP072337.1_probes.bed, pipeline_output/01_reference_files/07_jf_files/prevotella_nigrescens.jf
    output: pipeline_output/02_intermediate_files/10_max_kmer_counts/NZ_CP072337.1_kmer_max.txt
    jobid: 23
    wildcards: chrom=NZ_CP072337.1

[Wed Dec 27 22:52:00 2023]
Finished job 32.
23 of 49 steps (47%) done

[Wed Dec 27 22:52:00 2023]
rule score:
    input: pipeline_output/02_intermediate_files/07_predictions/NZ_CP072338.1_predictions.csv
    output: pipeline_output/02_intermediate_files/08_scored_probes/NZ_CP072338.1_probes.bed
    jobid: 29
    wildcards: chrom=NZ_CP072338.1

Activating conda environment: /Users/hy/Documents/GitHub/thesis/PaintSHOP_pipeline/shared_conda_envs/6847ec1c
Activating conda environment: /Users/hy/Documents/GitHub/thesis/PaintSHOP_pipeline/shared_conda_envs/6847ec1c
Activating conda environment: /Users/hy/Documents/GitHub/thesis/PaintSHOP_pipeline/shared_conda_envs/6847ec1c
Activating conda environment: /Users/hy/Documents/GitHub/thesis/PaintSHOP_pipeline/shared_conda_envs/6847ec1c
[Wed Dec 27 22:52:02 2023]
Finished job 23.
24 of 49 steps (49%) done

[Wed Dec 27 22:52:02 2023]
rule final_probes:
    input: pipeline_output/02_intermediate_files/11_prob_values/NZ_CP072337.1_prob.txt, pipeline_output/02_intermediate_files/10_max_kmer_counts/NZ_CP072337.1_kmer_max.txt
    output: pipeline_output/03_output_files/01_dna_probes/prevotella_nigrescens_all_newBalance_NZ_CP072337.1.tsv
    jobid: 17
    wildcards: chrom=NZ_CP072337.1

Activating conda environment: /Users/hy/Documents/GitHub/thesis/PaintSHOP_pipeline/shared_conda_envs/6847ec1c
[Wed Dec 27 22:52:04 2023]
Finished job 29.
25 of 49 steps (51%) done

[Wed Dec 27 22:52:04 2023]
rule filter_n_probes:
    input: pipeline_output/02_intermediate_files/08_scored_probes/NZ_CP072338.1_probes.bed
    output: pipeline_output/02_intermediate_files/09_probes_filtered/NZ_CP072338.1_probes.bed
    jobid: 26
    wildcards: chrom=NZ_CP072338.1

Activating conda environment: /Users/hy/Documents/GitHub/thesis/PaintSHOP_pipeline/shared_conda_envs/6847ec1c
Activating conda environment: /Users/hy/Documents/GitHub/thesis/PaintSHOP_pipeline/shared_conda_envs/6847ec1c
[Wed Dec 27 22:52:05 2023]
Finished job 17.
26 of 49 steps (53%) done
[Wed Dec 27 22:52:05 2023]
Finished job 26.
27 of 49 steps (55%) done

[Wed Dec 27 22:52:05 2023]
rule calc_prob:
    input: pipeline_output/02_intermediate_files/09_probes_filtered/NZ_CP072338.1_probes.bed
    output: pipeline_output/02_intermediate_files/11_prob_values/NZ_CP072338.1_prob.txt
    jobid: 20
    wildcards: chrom=NZ_CP072338.1

[Wed Dec 27 22:52:05 2023]
rule max_kmer:
    input: pipeline_output/02_intermediate_files/09_probes_filtered/NZ_CP072338.1_probes.bed, pipeline_output/01_reference_files/07_jf_files/prevotella_nigrescens.jf
    output: pipeline_output/02_intermediate_files/10_max_kmer_counts/NZ_CP072338.1_kmer_max.txt
    jobid: 21
    wildcards: chrom=NZ_CP072338.1

Activating conda environment: /Users/hy/Documents/GitHub/thesis/PaintSHOP_pipeline/shared_conda_envs/6847ec1c
Activating conda environment: /Users/hy/Documents/GitHub/thesis/PaintSHOP_pipeline/shared_conda_envs/6847ec1c
Activating conda environment: /Users/hy/Documents/GitHub/thesis/PaintSHOP_pipeline/shared_conda_envs/6847ec1c
Activating conda environment: /Users/hy/Documents/GitHub/thesis/PaintSHOP_pipeline/shared_conda_envs/6847ec1c
[Wed Dec 27 22:52:09 2023]
Finished job 21.
28 of 49 steps (57%) done
[Wed Dec 27 22:52:24 2023]
Finished job 20.
29 of 49 steps (59%) done

[Wed Dec 27 22:52:24 2023]
rule final_probes:
    input: pipeline_output/02_intermediate_files/11_prob_values/NZ_CP072338.1_prob.txt, pipeline_output/02_intermediate_files/10_max_kmer_counts/NZ_CP072338.1_kmer_max.txt
    output: pipeline_output/03_output_files/01_dna_probes/prevotella_nigrescens_all_newBalance_NZ_CP072338.1.tsv
    jobid: 16
    wildcards: chrom=NZ_CP072338.1

Activating conda environment: /Users/hy/Documents/GitHub/thesis/PaintSHOP_pipeline/shared_conda_envs/6847ec1c
Activating conda environment: /Users/hy/Documents/GitHub/thesis/PaintSHOP_pipeline/shared_conda_envs/6847ec1c
[Wed Dec 27 22:52:27 2023]
Finished job 16.
30 of 49 steps (61%) done
[Wed Dec 27 22:53:37 2023]
Finished job 46.
31 of 49 steps (63%) done

[Wed Dec 27 22:53:37 2023]
rule align_probes:
    input: pipeline_output/02_intermediate_files/02_init_probes/NZ_CP072339.1.fastq, pipeline_output/01_reference_files/06_bowtie2_indices/prevotella_nigrescens/prevotella_nigrescens.1.bt2, pipeline_output/01_reference_files/06_bowtie2_indices/prevotella_nigrescens/prevotella_nigrescens.2.bt2, pipeline_output/01_reference_files/06_bowtie2_indices/prevotella_nigrescens/prevotella_nigrescens.3.bt2, pipeline_output/01_reference_files/06_bowtie2_indices/prevotella_nigrescens/prevotella_nigrescens.4.bt2, pipeline_output/01_reference_files/06_bowtie2_indices/prevotella_nigrescens/prevotella_nigrescens.rev.1.bt2, pipeline_output/01_reference_files/06_bowtie2_indices/prevotella_nigrescens/prevotella_nigrescens.rev.2.bt2
    output: pipeline_output/02_intermediate_files/03_alignments/NZ_CP072339.1.bam
    jobid: 43
    wildcards: chrom=NZ_CP072339.1
    threads: 4

Activating conda environment: /Users/hy/Documents/GitHub/thesis/PaintSHOP_pipeline/shared_conda_envs/6847ec1c
[Wed Dec 27 22:53:38 2023]
Finished job 43.
32 of 49 steps (65%) done

[Wed Dec 27 22:53:38 2023]
rule extract_alignment_scores:
    input: pipeline_output/02_intermediate_files/03_alignments/NZ_CP072339.1.bam
    output: pipeline_output/02_intermediate_files/05_alignment_scores/NZ_CP072339.1_AS.txt
    jobid: 38
    wildcards: chrom=NZ_CP072339.1


[Wed Dec 27 22:53:38 2023]
rule sam_to_pairwise:
    input: pipeline_output/02_intermediate_files/03_alignments/NZ_CP072339.1.bam
    output: pipeline_output/02_intermediate_files/04_pairwise_alignments/NZ_CP072339.1_pairwise.out
    jobid: 37
    wildcards: chrom=NZ_CP072339.1

Activating conda environment: /Users/hy/Documents/GitHub/thesis/PaintSHOP_pipeline/shared_conda_envs/6847ec1c
Activating conda environment: /Users/hy/Documents/GitHub/thesis/PaintSHOP_pipeline/shared_conda_envs/6847ec1c
[Wed Dec 27 22:53:40 2023]
Finished job 38.
33 of 49 steps (67%) done
[Wed Dec 27 22:53:40 2023]
Finished job 37.
34 of 49 steps (69%) done

[Wed Dec 27 22:53:40 2023]
rule parse_pairwise:
    input: pipeline_output/02_intermediate_files/04_pairwise_alignments/NZ_CP072339.1_pairwise.out, pipeline_output/02_intermediate_files/05_alignment_scores/NZ_CP072339.1_AS.txt
    output: pipeline_output/02_intermediate_files/06_data_frames/NZ_CP072339.1_alignments.csv
    jobid: 34
    wildcards: chrom=NZ_CP072339.1

Activating conda environment: /Users/hy/Documents/GitHub/thesis/PaintSHOP_pipeline/shared_conda_envs/6847ec1c
Activating conda environment: /Users/hy/Documents/GitHub/thesis/PaintSHOP_pipeline/shared_conda_envs/6847ec1c
[Wed Dec 27 22:53:47 2023]
Finished job 34.
35 of 49 steps (71%) done

[Wed Dec 27 22:53:47 2023]
rule predict_duplex:
    input: pipeline_output/02_intermediate_files/06_data_frames/NZ_CP072339.1_alignments.csv, /Users/hy/Documents/GitHub/thesis/PaintSHOP_pipeline/workflow/pickled_models/42_all_fixed_xgb.pickle.dat
    output: pipeline_output/02_intermediate_files/07_predictions/NZ_CP072339.1_predictions.csv
    jobid: 31
    wildcards: chrom=NZ_CP072339.1

Activating conda environment: /Users/hy/Documents/GitHub/thesis/PaintSHOP_pipeline/shared_conda_envs/6847ec1c
Activating conda environment: /Users/hy/Documents/GitHub/thesis/PaintSHOP_pipeline/shared_conda_envs/6847ec1c
[Wed Dec 27 22:53:53 2023]
Finished job 31.
36 of 49 steps (73%) done

[Wed Dec 27 22:53:53 2023]
rule score:
    input: pipeline_output/02_intermediate_files/07_predictions/NZ_CP072339.1_predictions.csv
    output: pipeline_output/02_intermediate_files/08_scored_probes/NZ_CP072339.1_probes.bed
    jobid: 28
    wildcards: chrom=NZ_CP072339.1

Activating conda environment: /Users/hy/Documents/GitHub/thesis/PaintSHOP_pipeline/shared_conda_envs/6847ec1c
Activating conda environment: /Users/hy/Documents/GitHub/thesis/PaintSHOP_pipeline/shared_conda_envs/6847ec1c
[Wed Dec 27 22:54:01 2023]
Finished job 28.
37 of 49 steps (76%) done

[Wed Dec 27 22:54:01 2023]
rule filter_n_probes:
    input: pipeline_output/02_intermediate_files/08_scored_probes/NZ_CP072339.1_probes.bed
    output: pipeline_output/02_intermediate_files/09_probes_filtered/NZ_CP072339.1_probes.bed
    jobid: 24
    wildcards: chrom=NZ_CP072339.1

Activating conda environment: /Users/hy/Documents/GitHub/thesis/PaintSHOP_pipeline/shared_conda_envs/6847ec1c
[Wed Dec 27 22:54:02 2023]
Finished job 24.
38 of 49 steps (78%) done

[Wed Dec 27 22:54:02 2023]
rule calc_prob:
    input: pipeline_output/02_intermediate_files/09_probes_filtered/NZ_CP072339.1_probes.bed
    output: pipeline_output/02_intermediate_files/11_prob_values/NZ_CP072339.1_prob.txt
    jobid: 18
    wildcards: chrom=NZ_CP072339.1

[Wed Dec 27 22:54:02 2023]
rule max_kmer:
    input: pipeline_output/02_intermediate_files/09_probes_filtered/NZ_CP072339.1_probes.bed, pipeline_output/01_reference_files/07_jf_files/prevotella_nigrescens.jf
    output: pipeline_output/02_intermediate_files/10_max_kmer_counts/NZ_CP072339.1_kmer_max.txt
    jobid: 19
    wildcards: chrom=NZ_CP072339.1

Activating conda environment: /Users/hy/Documents/GitHub/thesis/PaintSHOP_pipeline/shared_conda_envs/6847ec1c
Activating conda environment: /Users/hy/Documents/GitHub/thesis/PaintSHOP_pipeline/shared_conda_envs/6847ec1c
Activating conda environment: /Users/hy/Documents/GitHub/thesis/PaintSHOP_pipeline/shared_conda_envs/6847ec1c
Activating conda environment: /Users/hy/Documents/GitHub/thesis/PaintSHOP_pipeline/shared_conda_envs/6847ec1c
[Wed Dec 27 22:54:07 2023]
Finished job 19.
39 of 49 steps (80%) done
[Wed Dec 27 22:54:47 2023]
Finished job 18.
40 of 49 steps (82%) done

[Wed Dec 27 22:54:47 2023]
rule final_probes:
    input: pipeline_output/02_intermediate_files/11_prob_values/NZ_CP072339.1_prob.txt, pipeline_output/02_intermediate_files/10_max_kmer_counts/NZ_CP072339.1_kmer_max.txt
    output: pipeline_output/03_output_files/01_dna_probes/prevotella_nigrescens_all_newBalance_NZ_CP072339.1.tsv
    jobid: 15
    wildcards: chrom=NZ_CP072339.1

Activating conda environment: /Users/hy/Documents/GitHub/thesis/PaintSHOP_pipeline/shared_conda_envs/6847ec1c
Activating conda environment: /Users/hy/Documents/GitHub/thesis/PaintSHOP_pipeline/shared_conda_envs/6847ec1c
[Wed Dec 27 22:54:51 2023]
Finished job 15.
41 of 49 steps (84%) done

[Wed Dec 27 22:54:51 2023]
rule merge_probes:
    input: pipeline_output/03_output_files/01_dna_probes/prevotella_nigrescens_all_newBalance_NZ_CP072339.1.tsv, pipeline_output/03_output_files/01_dna_probes/prevotella_nigrescens_all_newBalance_NZ_CP072338.1.tsv, pipeline_output/03_output_files/01_dna_probes/prevotella_nigrescens_all_newBalance_NZ_CP072337.1.tsv
    output: pipeline_output/03_output_files/01_dna_probes/prevotella_nigrescens_all_newBalance.tsv
    jobid: 12


[Wed Dec 27 22:54:51 2023]
rule gen_refseq_db:
    input: pipeline_output/03_output_files/01_dna_probes/prevotella_nigrescens_all_newBalance_NZ_CP072339.1.tsv, pipeline_output/03_output_files/01_dna_probes/prevotella_nigrescens_all_newBalance_NZ_CP072338.1.tsv, pipeline_output/03_output_files/01_dna_probes/prevotella_nigrescens_all_newBalance_NZ_CP072337.1.tsv, pipeline_output/01_reference_files/05_annotation_files/prevotella_nigrescens.bed
    output: pipeline_output/03_output_files/02_rna_probes_all/prevotella_nigrescens_refseq_newBalance.tsv
    jobid: 50

[Wed Dec 27 22:54:51 2023]
rule gen_iso_db:
    input: pipeline_output/03_output_files/01_dna_probes/prevotella_nigrescens_all_newBalance_NZ_CP072339.1.tsv, pipeline_output/03_output_files/01_dna_probes/prevotella_nigrescens_all_newBalance_NZ_CP072338.1.tsv, pipeline_output/03_output_files/01_dna_probes/prevotella_nigrescens_all_newBalance_NZ_CP072337.1.tsv, pipeline_output/01_reference_files/05_annotation_files/prevotella_nigrescens_iso_flat.bed
    output: pipeline_output/03_output_files/03_rna_probes_iso/prevotella_nigrescens_iso_newBalance.tsv
    jobid: 14

Activating conda environment: /Users/hy/Documents/GitHub/thesis/PaintSHOP_pipeline/shared_conda_envs/6847ec1c
Activating conda environment: /Users/hy/Documents/GitHub/thesis/PaintSHOP_pipeline/shared_conda_envs/6847ec1c
Activating conda environment: /Users/hy/Documents/GitHub/thesis/PaintSHOP_pipeline/shared_conda_envs/6847ec1c
[Wed Dec 27 22:54:52 2023]
Finished job 12.
42 of 49 steps (86%) done

[Wed Dec 27 22:54:52 2023]
rule zip_probes:
    input: pipeline_output/03_output_files/01_dna_probes/prevotella_nigrescens_all_newBalance.tsv
    output: pipeline_output/03_output_files/04_zip_archives/prevotella_nigrescens_all_newBalance.zip
    jobid: 2

Activating conda environment: /Users/hy/Documents/GitHub/thesis/PaintSHOP_pipeline/shared_conda_envs/6847ec1c
Activating conda environment: /Users/hy/Documents/GitHub/thesis/PaintSHOP_pipeline/shared_conda_envs/6847ec1c
Activating conda environment: /Users/hy/Documents/GitHub/thesis/PaintSHOP_pipeline/shared_conda_envs/6847ec1c
[Wed Dec 27 22:54:54 2023]
Finished job 2.
43 of 49 steps (88%) done
[Wed Dec 27 22:54:55 2023]
Finished job 50.
44 of 49 steps (90%) done
[Wed Dec 27 22:54:55 2023]
Finished job 14.
45 of 49 steps (92%) done

[Wed Dec 27 22:54:55 2023]
rule zip_refseq_db:
    input: pipeline_output/03_output_files/02_rna_probes_all/prevotella_nigrescens_refseq_newBalance.tsv
    output: pipeline_output/03_output_files/04_zip_archives/prevotella_nigrescens_refseq_newBalance.zip
    jobid: 3


[Wed Dec 27 22:54:55 2023]
rule zip_iso_db:
    input: pipeline_output/03_output_files/03_rna_probes_iso/prevotella_nigrescens_iso_newBalance.tsv
    output: pipeline_output/03_output_files/04_zip_archives/prevotella_nigrescens_iso_newBalance.zip
    jobid: 4

Activating conda environment: /Users/hy/Documents/GitHub/thesis/PaintSHOP_pipeline/shared_conda_envs/6847ec1c
Activating conda environment: /Users/hy/Documents/GitHub/thesis/PaintSHOP_pipeline/shared_conda_envs/6847ec1c
[Wed Dec 27 22:54:57 2023]
Finished job 4.
46 of 49 steps (94%) done
[Wed Dec 27 22:54:57 2023]
Finished job 3.
47 of 49 steps (96%) done

[Wed Dec 27 22:54:57 2023]
rule finish:
    input: pipeline_output/03_output_files/04_zip_archives/prevotella_nigrescens_all_newBalance.zip, pipeline_output/03_output_files/04_zip_archives/prevotella_nigrescens_refseq_newBalance.zip, pipeline_output/03_output_files/04_zip_archives/prevotella_nigrescens_iso_newBalance.zip
    output: pipeline_output/DONE.txt
    jobid: 1

[Wed Dec 27 22:54:57 2023]
Finished job 1.
48 of 49 steps (98%) done

[Wed Dec 27 22:54:57 2023]
localrule all:
    input: pipeline_output/DONE.txt
    jobid: 0

[Wed Dec 27 22:54:57 2023]
Finished job 0.
49 of 49 steps (100%) done
Complete log: /Users/hy/Documents/GitHub/thesis/data/copy_extract_data/prevotella_nigrescens/.snakemake/log/2023-12-27T225100.495665.snakemake.log
